This file contains any messages produced by compilers while
running configure, to aid debugging if configure makes a mistake.

It was created by Protocol Buffers configure 3.19.2, which was
generated by GNU Autoconf 2.71.  Invocation command line was

  $ ./configure CXXFLAGS=-fPIC --disable-shared --prefix=/content/Marabou/tools/protobuf-3.19.2/installed --enable-fast-install

## --------- ##
## Platform. ##
## --------- ##

hostname = 8ca299b9ce44
uname -m = x86_64
uname -r = 6.1.85+
uname -s = Linux
uname -v = #1 SMP PREEMPT_DYNAMIC Thu Jun 27 21:05:47 UTC 2024

/usr/bin/uname -p = x86_64
/bin/uname -X     = unknown

/bin/arch              = x86_64
/usr/bin/arch -k       = unknown
/usr/convex/getsysinfo = unknown
/usr/bin/hostinfo      = unknown
/bin/machine           = unknown
/usr/bin/oslevel       = unknown
/bin/universe          = unknown

PATH: /opt/bin/
PATH: /usr/local/nvidia/bin/
PATH: /usr/local/cuda/bin/
PATH: /usr/local/sbin/
PATH: /usr/local/bin/
PATH: /usr/sbin/
PATH: /usr/bin/
PATH: /sbin/
PATH: /bin/
PATH: /tools/node/bin/
PATH: /tools/google-cloud-sdk/bin/


## ----------- ##
## Core tests. ##
## ----------- ##

configure:3058: looking for aux files: ltmain.sh ar-lib compile missing install-sh config.guess config.sub
configure:3071:  trying ./
configure:3100:   ./ltmain.sh found
configure:3100:   ./ar-lib found
configure:3100:   ./compile found
configure:3100:   ./missing found
configure:3082:   ./install-sh found
configure:3100:   ./config.guess found
configure:3100:   ./config.sub found
configure:3213: checking whether to enable maintainer-specific portions of Makefiles
configure:3223: result: yes
configure:3274: checking build system type
configure:3289: result: x86_64-pc-linux-gnu
configure:3309: checking host system type
configure:3323: result: x86_64-pc-linux-gnu
configure:3343: checking target system type
configure:3357: result: x86_64-pc-linux-gnu
configure:3401: checking for a BSD-compatible install
configure:3474: result: /usr/bin/install -c
configure:3485: checking whether build environment is sane
configure:3540: result: yes
configure:3699: checking for a race-free mkdir -p
configure:3743: result: /usr/bin/mkdir -p
configure:3750: checking for gawk
configure:3785: result: no
configure:3750: checking for mawk
configure:3771: found /usr/bin/mawk
configure:3782: result: mawk
configure:3793: checking whether make sets $(MAKE)
configure:3816: result: yes
configure:3846: checking whether make supports nested variables
configure:3864: result: yes
configure:3949: checking whether UID '0' is supported by ustar format
configure:3952: result: yes
configure:3959: checking whether GID '0' is supported by ustar format
configure:3962: result: yes
configure:3970: checking how to create a ustar tar archive
configure:3981: tar --version
tar (GNU tar) 1.34
Copyright (C) 2021 Free Software Foundation, Inc.
License GPLv3+: GNU GPL version 3 or later <https://gnu.org/licenses/gpl.html>.
This is free software: you are free to change and redistribute it.
There is NO WARRANTY, to the extent permitted by law.

Written by John Gilmore and Jay Fenlason.
configure:3984: $? = 0
configure:4024: tardir=conftest.dir && eval tar --format=ustar -chf - "$tardir" >conftest.tar
configure:4027: $? = 0
configure:4031: tar -xf - <conftest.tar
configure:4034: $? = 0
configure:4036: cat conftest.dir/file
GrepMe
configure:4039: $? = 0
configure:4053: result: gnutar
configure:4133: checking whether make supports nested variables
configure:4151: result: yes
configure:4262: checking for gcc
configure:4294: result: /usr/bin/cc
configure:4647: checking for C compiler version
configure:4656: /usr/bin/cc --version >&5
cc (Ubuntu 11.4.0-1ubuntu1~22.04) 11.4.0
Copyright (C) 2021 Free Software Foundation, Inc.
This is free software; see the source for copying conditions.  There is NO
warranty; not even for MERCHANTABILITY or FITNESS FOR A PARTICULAR PURPOSE.

configure:4667: $? = 0
configure:4656: /usr/bin/cc -v >&5
Using built-in specs.
COLLECT_GCC=/usr/bin/cc
COLLECT_LTO_WRAPPER=/usr/lib/gcc/x86_64-linux-gnu/11/lto-wrapper
OFFLOAD_TARGET_NAMES=nvptx-none:amdgcn-amdhsa
OFFLOAD_TARGET_DEFAULT=1
Target: x86_64-linux-gnu
Configured with: ../src/configure -v --with-pkgversion='Ubuntu 11.4.0-1ubuntu1~22.04' --with-bugurl=file:///usr/share/doc/gcc-11/README.Bugs --enable-languages=c,ada,c++,go,brig,d,fortran,objc,obj-c++,m2 --prefix=/usr --with-gcc-major-version-only --program-suffix=-11 --program-prefix=x86_64-linux-gnu- --enable-shared --enable-linker-build-id --libexecdir=/usr/lib --without-included-gettext --enable-threads=posix --libdir=/usr/lib --enable-nls --enable-bootstrap --enable-clocale=gnu --enable-libstdcxx-debug --enable-libstdcxx-time=yes --with-default-libstdcxx-abi=new --enable-gnu-unique-object --disable-vtable-verify --enable-plugin --enable-default-pie --with-system-zlib --enable-libphobos-checking=release --with-target-system-zlib=auto --enable-objc-gc=auto --enable-multiarch --disable-werror --enable-cet --with-arch-32=i686 --with-abi=m64 --with-multilib-list=m32,m64,mx32 --enable-multilib --with-tune=generic --enable-offload-targets=nvptx-none=/build/gcc-11-XeT9lY/gcc-11-11.4.0/debian/tmp-nvptx/usr,amdgcn-amdhsa=/build/gcc-11-XeT9lY/gcc-11-11.4.0/debian/tmp-gcn/usr --without-cuda-driver --enable-checking=release --build=x86_64-linux-gnu --host=x86_64-linux-gnu --target=x86_64-linux-gnu --with-build-config=bootstrap-lto-lean --enable-link-serialization=2
Thread model: posix
Supported LTO compression algorithms: zlib zstd
gcc version 11.4.0 (Ubuntu 11.4.0-1ubuntu1~22.04) 
... rest of stderr output deleted ...
configure:4667: $? = 0
configure:4656: /usr/bin/cc -V >&5
cc: error: unrecognized command-line option '-V'
cc: fatal error: no input files
compilation terminated.
configure:4667: $? = 1
configure:4656: /usr/bin/cc -qversion >&5
cc: error: unrecognized command-line option '-qversion'; did you mean '--version'?
cc: fatal error: no input files
compilation terminated.
configure:4667: $? = 1
configure:4656: /usr/bin/cc -version >&5
cc: error: unrecognized command-line option '-version'
cc: fatal error: no input files
compilation terminated.
configure:4667: $? = 1
configure:4687: checking whether the C compiler works
configure:4709: /usr/bin/cc    conftest.c  >&5
configure:4713: $? = 0
configure:4763: result: yes
configure:4766: checking for C compiler default output file name
configure:4768: result: a.out
configure:4774: checking for suffix of executables
configure:4781: /usr/bin/cc -o conftest    conftest.c  >&5
configure:4785: $? = 0
configure:4808: result: 
configure:4830: checking whether we are cross compiling
configure:4838: /usr/bin/cc -o conftest    conftest.c  >&5
configure:4842: $? = 0
configure:4849: ./conftest
configure:4853: $? = 0
configure:4868: result: no
configure:4873: checking for suffix of object files
configure:4896: /usr/bin/cc -c   conftest.c >&5
configure:4900: $? = 0
configure:4922: result: o
configure:4926: checking whether the compiler supports GNU C
configure:4946: /usr/bin/cc -c   conftest.c >&5
configure:4946: $? = 0
configure:4956: result: yes
configure:4967: checking whether /usr/bin/cc accepts -g
configure:4988: /usr/bin/cc -c -g  conftest.c >&5
configure:4988: $? = 0
configure:5032: result: yes
configure:5052: checking for /usr/bin/cc option to enable C11 features
configure:5067: /usr/bin/cc  -c   conftest.c >&5
configure:5067: $? = 0
configure:5085: result: none needed
configure:5201: checking whether /usr/bin/cc understands -c and -o together
configure:5224: /usr/bin/cc -c conftest.c -o conftest2.o
configure:5227: $? = 0
configure:5224: /usr/bin/cc -c conftest.c -o conftest2.o
configure:5227: $? = 0
configure:5239: result: yes
configure:5259: checking whether make supports the include directive
configure:5274: make -f confmf.GNU && cat confinc.out
this is the am__doit target
configure:5277: $? = 0
configure:5296: result: yes (GNU style)
configure:5322: checking dependency style of /usr/bin/cc
configure:5434: result: gcc3
configure:5577: checking for C++ compiler version
configure:5586: /usr/bin/c++ --version >&5
c++ (Ubuntu 11.4.0-1ubuntu1~22.04) 11.4.0
Copyright (C) 2021 Free Software Foundation, Inc.
This is free software; see the source for copying conditions.  There is NO
warranty; not even for MERCHANTABILITY or FITNESS FOR A PARTICULAR PURPOSE.

configure:5597: $? = 0
configure:5586: /usr/bin/c++ -v >&5
Using built-in specs.
COLLECT_GCC=/usr/bin/c++
COLLECT_LTO_WRAPPER=/usr/lib/gcc/x86_64-linux-gnu/11/lto-wrapper
OFFLOAD_TARGET_NAMES=nvptx-none:amdgcn-amdhsa
OFFLOAD_TARGET_DEFAULT=1
Target: x86_64-linux-gnu
Configured with: ../src/configure -v --with-pkgversion='Ubuntu 11.4.0-1ubuntu1~22.04' --with-bugurl=file:///usr/share/doc/gcc-11/README.Bugs --enable-languages=c,ada,c++,go,brig,d,fortran,objc,obj-c++,m2 --prefix=/usr --with-gcc-major-version-only --program-suffix=-11 --program-prefix=x86_64-linux-gnu- --enable-shared --enable-linker-build-id --libexecdir=/usr/lib --without-included-gettext --enable-threads=posix --libdir=/usr/lib --enable-nls --enable-bootstrap --enable-clocale=gnu --enable-libstdcxx-debug --enable-libstdcxx-time=yes --with-default-libstdcxx-abi=new --enable-gnu-unique-object --disable-vtable-verify --enable-plugin --enable-default-pie --with-system-zlib --enable-libphobos-checking=release --with-target-system-zlib=auto --enable-objc-gc=auto --enable-multiarch --disable-werror --enable-cet --with-arch-32=i686 --with-abi=m64 --with-multilib-list=m32,m64,mx32 --enable-multilib --with-tune=generic --enable-offload-targets=nvptx-none=/build/gcc-11-XeT9lY/gcc-11-11.4.0/debian/tmp-nvptx/usr,amdgcn-amdhsa=/build/gcc-11-XeT9lY/gcc-11-11.4.0/debian/tmp-gcn/usr --without-cuda-driver --enable-checking=release --build=x86_64-linux-gnu --host=x86_64-linux-gnu --target=x86_64-linux-gnu --with-build-config=bootstrap-lto-lean --enable-link-serialization=2
Thread model: posix
Supported LTO compression algorithms: zlib zstd
gcc version 11.4.0 (Ubuntu 11.4.0-1ubuntu1~22.04) 
... rest of stderr output deleted ...
configure:5597: $? = 0
configure:5586: /usr/bin/c++ -V >&5
c++: error: unrecognized command-line option '-V'
c++: fatal error: no input files
compilation terminated.
configure:5597: $? = 1
configure:5586: /usr/bin/c++ -qversion >&5
c++: error: unrecognized command-line option '-qversion'; did you mean '--version'?
c++: fatal error: no input files
compilation terminated.
configure:5597: $? = 1
configure:5601: checking whether the compiler supports GNU C++
configure:5621: /usr/bin/c++ -c -fPIC  conftest.cpp >&5
configure:5621: $? = 0
configure:5631: result: yes
configure:5642: checking whether /usr/bin/c++ accepts -g
configure:5663: /usr/bin/c++ -c -g  conftest.cpp >&5
configure:5663: $? = 0
configure:5707: result: yes
configure:5727: checking for /usr/bin/c++ option to enable C++11 features
configure:5742: /usr/bin/c++  -c -fPIC  conftest.cpp >&5
conftest.cpp: In function 'int main(int, char**)':
conftest.cpp:177:25: warning: empty parentheses were disambiguated as a function declaration [-Wvexing-parse]
  177 |   cxx11test::delegate d2();
      |                         ^~
conftest.cpp:177:25: note: remove parentheses to default-initialize a variable
  177 |   cxx11test::delegate d2();
      |                         ^~
      |                         --
conftest.cpp:177:25: note: or replace parentheses with braces to value-initialize a variable
configure:5742: $? = 0
configure:5760: result: none needed
configure:5826: checking dependency style of /usr/bin/c++
configure:5938: result: gcc3
configure:5958: checking how to run the C preprocessor
configure:5984: /usr/bin/cc -E  conftest.c
configure:5984: $? = 0
configure:5999: /usr/bin/cc -E  conftest.c
conftest.c:11:10: fatal error: ac_nonexistent.h: No such file or directory
   11 | #include <ac_nonexistent.h>
      |          ^~~~~~~~~~~~~~~~~~
compilation terminated.
configure:5999: $? = 1
configure: failed program was:
| /* confdefs.h */
| #define PACKAGE_NAME "Protocol Buffers"
| #define PACKAGE_TARNAME "protobuf"
| #define PACKAGE_VERSION "3.19.2"
| #define PACKAGE_STRING "Protocol Buffers 3.19.2"
| #define PACKAGE_BUGREPORT "protobuf@googlegroups.com"
| #define PACKAGE_URL ""
| #define PACKAGE "protobuf"
| #define VERSION "3.19.2"
| /* end confdefs.h.  */
| #include <ac_nonexistent.h>
configure:6026: result: /usr/bin/cc -E
configure:6040: /usr/bin/cc -E  conftest.c
configure:6040: $? = 0
configure:6055: /usr/bin/cc -E  conftest.c
conftest.c:11:10: fatal error: ac_nonexistent.h: No such file or directory
   11 | #include <ac_nonexistent.h>
      |          ^~~~~~~~~~~~~~~~~~
compilation terminated.
configure:6055: $? = 1
configure: failed program was:
| /* confdefs.h */
| #define PACKAGE_NAME "Protocol Buffers"
| #define PACKAGE_TARNAME "protobuf"
| #define PACKAGE_VERSION "3.19.2"
| #define PACKAGE_STRING "Protocol Buffers 3.19.2"
| #define PACKAGE_BUGREPORT "protobuf@googlegroups.com"
| #define PACKAGE_URL ""
| #define PACKAGE "protobuf"
| #define VERSION "3.19.2"
| /* end confdefs.h.  */
| #include <ac_nonexistent.h>
configure:6146: checking for gcc
configure:6167: found /usr/bin/gcc
configure:6178: result: gcc
configure:6531: checking for C compiler version
configure:6540: gcc --version >&5
gcc (Ubuntu 11.4.0-1ubuntu1~22.04) 11.4.0
Copyright (C) 2021 Free Software Foundation, Inc.
This is free software; see the source for copying conditions.  There is NO
warranty; not even for MERCHANTABILITY or FITNESS FOR A PARTICULAR PURPOSE.

configure:6551: $? = 0
configure:6540: gcc -v >&5
Using built-in specs.
COLLECT_GCC=gcc
COLLECT_LTO_WRAPPER=/usr/lib/gcc/x86_64-linux-gnu/11/lto-wrapper
OFFLOAD_TARGET_NAMES=nvptx-none:amdgcn-amdhsa
OFFLOAD_TARGET_DEFAULT=1
Target: x86_64-linux-gnu
Configured with: ../src/configure -v --with-pkgversion='Ubuntu 11.4.0-1ubuntu1~22.04' --with-bugurl=file:///usr/share/doc/gcc-11/README.Bugs --enable-languages=c,ada,c++,go,brig,d,fortran,objc,obj-c++,m2 --prefix=/usr --with-gcc-major-version-only --program-suffix=-11 --program-prefix=x86_64-linux-gnu- --enable-shared --enable-linker-build-id --libexecdir=/usr/lib --without-included-gettext --enable-threads=posix --libdir=/usr/lib --enable-nls --enable-bootstrap --enable-clocale=gnu --enable-libstdcxx-debug --enable-libstdcxx-time=yes --with-default-libstdcxx-abi=new --enable-gnu-unique-object --disable-vtable-verify --enable-plugin --enable-default-pie --with-system-zlib --enable-libphobos-checking=release --with-target-system-zlib=auto --enable-objc-gc=auto --enable-multiarch --disable-werror --enable-cet --with-arch-32=i686 --with-abi=m64 --with-multilib-list=m32,m64,mx32 --enable-multilib --with-tune=generic --enable-offload-targets=nvptx-none=/build/gcc-11-XeT9lY/gcc-11-11.4.0/debian/tmp-nvptx/usr,amdgcn-amdhsa=/build/gcc-11-XeT9lY/gcc-11-11.4.0/debian/tmp-gcn/usr --without-cuda-driver --enable-checking=release --build=x86_64-linux-gnu --host=x86_64-linux-gnu --target=x86_64-linux-gnu --with-build-config=bootstrap-lto-lean --enable-link-serialization=2
Thread model: posix
Supported LTO compression algorithms: zlib zstd
gcc version 11.4.0 (Ubuntu 11.4.0-1ubuntu1~22.04) 
... rest of stderr output deleted ...
configure:6551: $? = 0
configure:6540: gcc -V >&5
gcc: error: unrecognized command-line option '-V'
gcc: fatal error: no input files
compilation terminated.
configure:6551: $? = 1
configure:6540: gcc -qversion >&5
gcc: error: unrecognized command-line option '-qversion'; did you mean '--version'?
gcc: fatal error: no input files
compilation terminated.
configure:6551: $? = 1
configure:6540: gcc -version >&5
gcc: error: unrecognized command-line option '-version'
gcc: fatal error: no input files
compilation terminated.
configure:6551: $? = 1
configure:6555: checking whether the compiler supports GNU C
configure:6585: result: yes
configure:6596: checking whether gcc accepts -g
configure:6617: /usr/bin/cc -c   conftest.c >&5
configure:6617: $? = 0
configure:6661: result: yes
configure:6681: checking for gcc option to enable C11 features
configure:6714: result: none needed
configure:6830: checking whether gcc understands -c and -o together
configure:6868: result: yes
configure:6887: checking dependency style of gcc
configure:6999: result: gcc3
configure:7019: checking how to run the C preprocessor
configure:7045: /usr/bin/cc -E  conftest.c
configure:7045: $? = 0
configure:7060: /usr/bin/cc -E  conftest.c
conftest.c:11:10: fatal error: ac_nonexistent.h: No such file or directory
   11 | #include <ac_nonexistent.h>
      |          ^~~~~~~~~~~~~~~~~~
compilation terminated.
configure:7060: $? = 1
configure: failed program was:
| /* confdefs.h */
| #define PACKAGE_NAME "Protocol Buffers"
| #define PACKAGE_TARNAME "protobuf"
| #define PACKAGE_VERSION "3.19.2"
| #define PACKAGE_STRING "Protocol Buffers 3.19.2"
| #define PACKAGE_BUGREPORT "protobuf@googlegroups.com"
| #define PACKAGE_URL ""
| #define PACKAGE "protobuf"
| #define VERSION "3.19.2"
| /* end confdefs.h.  */
| #include <ac_nonexistent.h>
configure:7087: result: gcc -E
configure:7101: /usr/bin/cc -E  conftest.c
configure:7101: $? = 0
configure:7116: /usr/bin/cc -E  conftest.c
conftest.c:11:10: fatal error: ac_nonexistent.h: No such file or directory
   11 | #include <ac_nonexistent.h>
      |          ^~~~~~~~~~~~~~~~~~
compilation terminated.
configure:7116: $? = 1
configure: failed program was:
| /* confdefs.h */
| #define PACKAGE_NAME "Protocol Buffers"
| #define PACKAGE_TARNAME "protobuf"
| #define PACKAGE_VERSION "3.19.2"
| #define PACKAGE_STRING "Protocol Buffers 3.19.2"
| #define PACKAGE_BUGREPORT "protobuf@googlegroups.com"
| #define PACKAGE_URL ""
| #define PACKAGE "protobuf"
| #define VERSION "3.19.2"
| /* end confdefs.h.  */
| #include <ac_nonexistent.h>
configure:7160: checking how to run the C++ preprocessor
configure:7182: /usr/bin/c++ -E  conftest.cpp
configure:7182: $? = 0
configure:7197: /usr/bin/c++ -E  conftest.cpp
conftest.cpp:11:10: fatal error: ac_nonexistent.h: No such file or directory
   11 | #include <ac_nonexistent.h>
      |          ^~~~~~~~~~~~~~~~~~
compilation terminated.
configure:7197: $? = 1
configure: failed program was:
| /* confdefs.h */
| #define PACKAGE_NAME "Protocol Buffers"
| #define PACKAGE_TARNAME "protobuf"
| #define PACKAGE_VERSION "3.19.2"
| #define PACKAGE_STRING "Protocol Buffers 3.19.2"
| #define PACKAGE_BUGREPORT "protobuf@googlegroups.com"
| #define PACKAGE_URL ""
| #define PACKAGE "protobuf"
| #define VERSION "3.19.2"
| /* end confdefs.h.  */
| #include <ac_nonexistent.h>
configure:7224: result: /usr/bin/c++ -E
configure:7238: /usr/bin/c++ -E  conftest.cpp
configure:7238: $? = 0
configure:7253: /usr/bin/c++ -E  conftest.cpp
conftest.cpp:11:10: fatal error: ac_nonexistent.h: No such file or directory
   11 | #include <ac_nonexistent.h>
      |          ^~~~~~~~~~~~~~~~~~
compilation terminated.
configure:7253: $? = 1
configure: failed program was:
| /* confdefs.h */
| #define PACKAGE_NAME "Protocol Buffers"
| #define PACKAGE_TARNAME "protobuf"
| #define PACKAGE_VERSION "3.19.2"
| #define PACKAGE_STRING "Protocol Buffers 3.19.2"
| #define PACKAGE_BUGREPORT "protobuf@googlegroups.com"
| #define PACKAGE_URL ""
| #define PACKAGE "protobuf"
| #define VERSION "3.19.2"
| /* end confdefs.h.  */
| #include <ac_nonexistent.h>
configure:7353: checking for g++
configure:7374: found /usr/bin/g++
configure:7385: result: g++
configure:7412: checking for C++ compiler version
configure:7421: g++ --version >&5
g++ (Ubuntu 11.4.0-1ubuntu1~22.04) 11.4.0
Copyright (C) 2021 Free Software Foundation, Inc.
This is free software; see the source for copying conditions.  There is NO
warranty; not even for MERCHANTABILITY or FITNESS FOR A PARTICULAR PURPOSE.

configure:7432: $? = 0
configure:7421: g++ -v >&5
Using built-in specs.
COLLECT_GCC=g++
COLLECT_LTO_WRAPPER=/usr/lib/gcc/x86_64-linux-gnu/11/lto-wrapper
OFFLOAD_TARGET_NAMES=nvptx-none:amdgcn-amdhsa
OFFLOAD_TARGET_DEFAULT=1
Target: x86_64-linux-gnu
Configured with: ../src/configure -v --with-pkgversion='Ubuntu 11.4.0-1ubuntu1~22.04' --with-bugurl=file:///usr/share/doc/gcc-11/README.Bugs --enable-languages=c,ada,c++,go,brig,d,fortran,objc,obj-c++,m2 --prefix=/usr --with-gcc-major-version-only --program-suffix=-11 --program-prefix=x86_64-linux-gnu- --enable-shared --enable-linker-build-id --libexecdir=/usr/lib --without-included-gettext --enable-threads=posix --libdir=/usr/lib --enable-nls --enable-bootstrap --enable-clocale=gnu --enable-libstdcxx-debug --enable-libstdcxx-time=yes --with-default-libstdcxx-abi=new --enable-gnu-unique-object --disable-vtable-verify --enable-plugin --enable-default-pie --with-system-zlib --enable-libphobos-checking=release --with-target-system-zlib=auto --enable-objc-gc=auto --enable-multiarch --disable-werror --enable-cet --with-arch-32=i686 --with-abi=m64 --with-multilib-list=m32,m64,mx32 --enable-multilib --with-tune=generic --enable-offload-targets=nvptx-none=/build/gcc-11-XeT9lY/gcc-11-11.4.0/debian/tmp-nvptx/usr,amdgcn-amdhsa=/build/gcc-11-XeT9lY/gcc-11-11.4.0/debian/tmp-gcn/usr --without-cuda-driver --enable-checking=release --build=x86_64-linux-gnu --host=x86_64-linux-gnu --target=x86_64-linux-gnu --with-build-config=bootstrap-lto-lean --enable-link-serialization=2
Thread model: posix
Supported LTO compression algorithms: zlib zstd
gcc version 11.4.0 (Ubuntu 11.4.0-1ubuntu1~22.04) 
... rest of stderr output deleted ...
configure:7432: $? = 0
configure:7421: g++ -V >&5
g++: error: unrecognized command-line option '-V'
g++: fatal error: no input files
compilation terminated.
configure:7432: $? = 1
configure:7421: g++ -qversion >&5
g++: error: unrecognized command-line option '-qversion'; did you mean '--version'?
g++: fatal error: no input files
compilation terminated.
configure:7432: $? = 1
configure:7436: checking whether the compiler supports GNU C++
configure:7466: result: yes
configure:7477: checking whether g++ accepts -g
configure:7498: /usr/bin/cc -c   conftest.cpp >&5
configure:7498: $? = 0
configure:7542: result: yes
configure:7562: checking for g++ option to enable C++11 features
configure:7595: result: none needed
configure:7661: checking dependency style of g++
configure:7773: result: gcc3
configure:7793: checking how to run the C++ preprocessor
configure:7815: g++ -E  conftest.cpp
configure:7815: $? = 0
configure:7830: g++ -E  conftest.cpp
conftest.cpp:11:10: fatal error: ac_nonexistent.h: No such file or directory
   11 | #include <ac_nonexistent.h>
      |          ^~~~~~~~~~~~~~~~~~
compilation terminated.
configure:7830: $? = 1
configure: failed program was:
| /* confdefs.h */
| #define PACKAGE_NAME "Protocol Buffers"
| #define PACKAGE_TARNAME "protobuf"
| #define PACKAGE_VERSION "3.19.2"
| #define PACKAGE_STRING "Protocol Buffers 3.19.2"
| #define PACKAGE_BUGREPORT "protobuf@googlegroups.com"
| #define PACKAGE_URL ""
| #define PACKAGE "protobuf"
| #define VERSION "3.19.2"
| /* end confdefs.h.  */
| #include <ac_nonexistent.h>
configure:7857: result: g++ -E
configure:7871: g++ -E  conftest.cpp
configure:7871: $? = 0
configure:7886: g++ -E  conftest.cpp
conftest.cpp:11:10: fatal error: ac_nonexistent.h: No such file or directory
   11 | #include <ac_nonexistent.h>
      |          ^~~~~~~~~~~~~~~~~~
compilation terminated.
configure:7886: $? = 1
configure: failed program was:
| /* confdefs.h */
| #define PACKAGE_NAME "Protocol Buffers"
| #define PACKAGE_TARNAME "protobuf"
| #define PACKAGE_VERSION "3.19.2"
| #define PACKAGE_STRING "Protocol Buffers 3.19.2"
| #define PACKAGE_BUGREPORT "protobuf@googlegroups.com"
| #define PACKAGE_URL ""
| #define PACKAGE "protobuf"
| #define VERSION "3.19.2"
| /* end confdefs.h.  */
| #include <ac_nonexistent.h>
configure:7933: checking for stdio.h
configure:7933: /usr/bin/c++ -c -fPIC  conftest.cpp >&5
configure:7933: $? = 0
configure:7933: result: yes
configure:7933: checking for stdlib.h
configure:7933: /usr/bin/c++ -c -fPIC  conftest.cpp >&5
configure:7933: $? = 0
configure:7933: result: yes
configure:7933: checking for string.h
configure:7933: /usr/bin/c++ -c -fPIC  conftest.cpp >&5
configure:7933: $? = 0
configure:7933: result: yes
configure:7933: checking for inttypes.h
configure:7933: /usr/bin/c++ -c -fPIC  conftest.cpp >&5
configure:7933: $? = 0
configure:7933: result: yes
configure:7933: checking for stdint.h
configure:7933: /usr/bin/c++ -c -fPIC  conftest.cpp >&5
configure:7933: $? = 0
configure:7933: result: yes
configure:7933: checking for strings.h
configure:7933: /usr/bin/c++ -c -fPIC  conftest.cpp >&5
configure:7933: $? = 0
configure:7933: result: yes
configure:7933: checking for sys/stat.h
configure:7933: /usr/bin/c++ -c -fPIC  conftest.cpp >&5
configure:7933: $? = 0
configure:7933: result: yes
configure:7933: checking for sys/types.h
configure:7933: /usr/bin/c++ -c -fPIC  conftest.cpp >&5
configure:7933: $? = 0
configure:7933: result: yes
configure:7933: checking for unistd.h
configure:7933: /usr/bin/c++ -c -fPIC  conftest.cpp >&5
configure:7933: $? = 0
configure:7933: result: yes
configure:7933: checking for wchar.h
configure:7933: /usr/bin/c++ -c -fPIC  conftest.cpp >&5
configure:7933: $? = 0
configure:7933: result: yes
configure:7933: checking for minix/config.h
configure:7933: /usr/bin/c++ -c -fPIC  conftest.cpp >&5
conftest.cpp:49:10: fatal error: minix/config.h: No such file or directory
   49 | #include <minix/config.h>
      |          ^~~~~~~~~~~~~~~~
compilation terminated.
configure:7933: $? = 1
configure: failed program was:
| /* confdefs.h */
| #define PACKAGE_NAME "Protocol Buffers"
| #define PACKAGE_TARNAME "protobuf"
| #define PACKAGE_VERSION "3.19.2"
| #define PACKAGE_STRING "Protocol Buffers 3.19.2"
| #define PACKAGE_BUGREPORT "protobuf@googlegroups.com"
| #define PACKAGE_URL ""
| #define PACKAGE "protobuf"
| #define VERSION "3.19.2"
| #define HAVE_STDIO_H 1
| #define HAVE_STDLIB_H 1
| #define HAVE_STRING_H 1
| #define HAVE_INTTYPES_H 1
| #define HAVE_STDINT_H 1
| #define HAVE_STRINGS_H 1
| #define HAVE_SYS_STAT_H 1
| #define HAVE_SYS_TYPES_H 1
| #define HAVE_UNISTD_H 1
| #define HAVE_WCHAR_H 1
| /* end confdefs.h.  */
| #include <stddef.h>
| #ifdef HAVE_STDIO_H
| # include <stdio.h>
| #endif
| #ifdef HAVE_STDLIB_H
| # include <stdlib.h>
| #endif
| #ifdef HAVE_STRING_H
| # include <string.h>
| #endif
| #ifdef HAVE_INTTYPES_H
| # include <inttypes.h>
| #endif
| #ifdef HAVE_STDINT_H
| # include <stdint.h>
| #endif
| #ifdef HAVE_STRINGS_H
| # include <strings.h>
| #endif
| #ifdef HAVE_SYS_TYPES_H
| # include <sys/types.h>
| #endif
| #ifdef HAVE_SYS_STAT_H
| # include <sys/stat.h>
| #endif
| #ifdef HAVE_UNISTD_H
| # include <unistd.h>
| #endif
| #include <minix/config.h>
configure:7933: result: no
configure:7964: checking whether it is safe to define __EXTENSIONS__
configure:7983: /usr/bin/c++ -c -fPIC  conftest.cpp >&5
configure:7983: $? = 0
configure:7991: result: yes
configure:7994: checking whether _XOPEN_SOURCE should be defined
configure:8016: /usr/bin/c++ -c -fPIC  conftest.cpp >&5
configure:8016: $? = 0
configure:8043: result: no
configure:8160: checking for ar
configure:8181: found /usr/bin/ar
configure:8192: result: ar
configure:8218: checking the archiver (ar) interface
configure:8235: /usr/bin/cc -c   conftest.c >&5
configure:8235: $? = 0
configure:8238: ar cru libconftest.a conftest.o >&5
ar: `u' modifier ignored since `D' is the default (see `U')
configure:8241: $? = 0
configure:8269: result: ar
configure:8356: checking for gcc
configure:8377: found /usr/bin/gcc
configure:8388: result: gcc
configure:8413: checking for Objective C compiler version
configure:8422: gcc --version >&5
gcc (Ubuntu 11.4.0-1ubuntu1~22.04) 11.4.0
Copyright (C) 2021 Free Software Foundation, Inc.
This is free software; see the source for copying conditions.  There is NO
warranty; not even for MERCHANTABILITY or FITNESS FOR A PARTICULAR PURPOSE.

configure:8433: $? = 0
configure:8422: gcc -v >&5
Using built-in specs.
COLLECT_GCC=gcc
COLLECT_LTO_WRAPPER=/usr/lib/gcc/x86_64-linux-gnu/11/lto-wrapper
OFFLOAD_TARGET_NAMES=nvptx-none:amdgcn-amdhsa
OFFLOAD_TARGET_DEFAULT=1
Target: x86_64-linux-gnu
Configured with: ../src/configure -v --with-pkgversion='Ubuntu 11.4.0-1ubuntu1~22.04' --with-bugurl=file:///usr/share/doc/gcc-11/README.Bugs --enable-languages=c,ada,c++,go,brig,d,fortran,objc,obj-c++,m2 --prefix=/usr --with-gcc-major-version-only --program-suffix=-11 --program-prefix=x86_64-linux-gnu- --enable-shared --enable-linker-build-id --libexecdir=/usr/lib --without-included-gettext --enable-threads=posix --libdir=/usr/lib --enable-nls --enable-bootstrap --enable-clocale=gnu --enable-libstdcxx-debug --enable-libstdcxx-time=yes --with-default-libstdcxx-abi=new --enable-gnu-unique-object --disable-vtable-verify --enable-plugin --enable-default-pie --with-system-zlib --enable-libphobos-checking=release --with-target-system-zlib=auto --enable-objc-gc=auto --enable-multiarch --disable-werror --enable-cet --with-arch-32=i686 --with-abi=m64 --with-multilib-list=m32,m64,mx32 --enable-multilib --with-tune=generic --enable-offload-targets=nvptx-none=/build/gcc-11-XeT9lY/gcc-11-11.4.0/debian/tmp-nvptx/usr,amdgcn-amdhsa=/build/gcc-11-XeT9lY/gcc-11-11.4.0/debian/tmp-gcn/usr --without-cuda-driver --enable-checking=release --build=x86_64-linux-gnu --host=x86_64-linux-gnu --target=x86_64-linux-gnu --with-build-config=bootstrap-lto-lean --enable-link-serialization=2
Thread model: posix
Supported LTO compression algorithms: zlib zstd
gcc version 11.4.0 (Ubuntu 11.4.0-1ubuntu1~22.04) 
... rest of stderr output deleted ...
configure:8433: $? = 0
configure:8422: gcc -V >&5
gcc: error: unrecognized command-line option '-V'
gcc: fatal error: no input files
compilation terminated.
configure:8433: $? = 1
configure:8422: gcc -qversion >&5
gcc: error: unrecognized command-line option '-qversion'; did you mean '--version'?
gcc: fatal error: no input files
compilation terminated.
configure:8433: $? = 1
configure:8437: checking whether the compiler supports GNU Objective C
configure:8457: gcc -c   conftest.m >&5
gcc: fatal error: cannot execute 'cc1obj': execvp: No such file or directory
compilation terminated.
configure:8457: $? = 1
configure: failed program was:
| /* confdefs.h */
| #define PACKAGE_NAME "Protocol Buffers"
| #define PACKAGE_TARNAME "protobuf"
| #define PACKAGE_VERSION "3.19.2"
| #define PACKAGE_STRING "Protocol Buffers 3.19.2"
| #define PACKAGE_BUGREPORT "protobuf@googlegroups.com"
| #define PACKAGE_URL ""
| #define PACKAGE "protobuf"
| #define VERSION "3.19.2"
| #define HAVE_STDIO_H 1
| #define HAVE_STDLIB_H 1
| #define HAVE_STRING_H 1
| #define HAVE_INTTYPES_H 1
| #define HAVE_STDINT_H 1
| #define HAVE_STRINGS_H 1
| #define HAVE_SYS_STAT_H 1
| #define HAVE_SYS_TYPES_H 1
| #define HAVE_UNISTD_H 1
| #define HAVE_WCHAR_H 1
| #define STDC_HEADERS 1
| #define _ALL_SOURCE 1
| #define _DARWIN_C_SOURCE 1
| #define _GNU_SOURCE 1
| #define _HPUX_ALT_XOPEN_SOCKET_API 1
| #define _NETBSD_SOURCE 1
| #define _OPENBSD_SOURCE 1
| #define _POSIX_PTHREAD_SEMANTICS 1
| #define __STDC_WANT_IEC_60559_ATTRIBS_EXT__ 1
| #define __STDC_WANT_IEC_60559_BFP_EXT__ 1
| #define __STDC_WANT_IEC_60559_DFP_EXT__ 1
| #define __STDC_WANT_IEC_60559_FUNCS_EXT__ 1
| #define __STDC_WANT_IEC_60559_TYPES_EXT__ 1
| #define __STDC_WANT_LIB_EXT2__ 1
| #define __STDC_WANT_MATH_SPEC_FUNCS__ 1
| #define _TANDEM_SOURCE 1
| #define __EXTENSIONS__ 1
| /* end confdefs.h.  */
| 
| int
| main (void)
| {
| #ifndef __GNUC__
|        choke me
| #endif
| 
|   ;
|   return 0;
| }
configure:8467: result: no
configure:8478: checking whether gcc accepts -g
configure:8499: gcc -c -g  conftest.m >&5
gcc: fatal error: cannot execute 'cc1obj': execvp: No such file or directory
compilation terminated.
configure:8499: $? = 1
configure: failed program was:
| /* confdefs.h */
| #define PACKAGE_NAME "Protocol Buffers"
| #define PACKAGE_TARNAME "protobuf"
| #define PACKAGE_VERSION "3.19.2"
| #define PACKAGE_STRING "Protocol Buffers 3.19.2"
| #define PACKAGE_BUGREPORT "protobuf@googlegroups.com"
| #define PACKAGE_URL ""
| #define PACKAGE "protobuf"
| #define VERSION "3.19.2"
| #define HAVE_STDIO_H 1
| #define HAVE_STDLIB_H 1
| #define HAVE_STRING_H 1
| #define HAVE_INTTYPES_H 1
| #define HAVE_STDINT_H 1
| #define HAVE_STRINGS_H 1
| #define HAVE_SYS_STAT_H 1
| #define HAVE_SYS_TYPES_H 1
| #define HAVE_UNISTD_H 1
| #define HAVE_WCHAR_H 1
| #define STDC_HEADERS 1
| #define _ALL_SOURCE 1
| #define _DARWIN_C_SOURCE 1
| #define _GNU_SOURCE 1
| #define _HPUX_ALT_XOPEN_SOCKET_API 1
| #define _NETBSD_SOURCE 1
| #define _OPENBSD_SOURCE 1
| #define _POSIX_PTHREAD_SEMANTICS 1
| #define __STDC_WANT_IEC_60559_ATTRIBS_EXT__ 1
| #define __STDC_WANT_IEC_60559_BFP_EXT__ 1
| #define __STDC_WANT_IEC_60559_DFP_EXT__ 1
| #define __STDC_WANT_IEC_60559_FUNCS_EXT__ 1
| #define __STDC_WANT_IEC_60559_TYPES_EXT__ 1
| #define __STDC_WANT_LIB_EXT2__ 1
| #define __STDC_WANT_MATH_SPEC_FUNCS__ 1
| #define _TANDEM_SOURCE 1
| #define __EXTENSIONS__ 1
| /* end confdefs.h.  */
| 
| int
| main (void)
| {
| 
|   ;
|   return 0;
| }
configure:8515: gcc -c   conftest.m >&5
gcc: fatal error: cannot execute 'cc1obj': execvp: No such file or directory
compilation terminated.
configure:8515: $? = 1
configure: failed program was:
| /* confdefs.h */
| #define PACKAGE_NAME "Protocol Buffers"
| #define PACKAGE_TARNAME "protobuf"
| #define PACKAGE_VERSION "3.19.2"
| #define PACKAGE_STRING "Protocol Buffers 3.19.2"
| #define PACKAGE_BUGREPORT "protobuf@googlegroups.com"
| #define PACKAGE_URL ""
| #define PACKAGE "protobuf"
| #define VERSION "3.19.2"
| #define HAVE_STDIO_H 1
| #define HAVE_STDLIB_H 1
| #define HAVE_STRING_H 1
| #define HAVE_INTTYPES_H 1
| #define HAVE_STDINT_H 1
| #define HAVE_STRINGS_H 1
| #define HAVE_SYS_STAT_H 1
| #define HAVE_SYS_TYPES_H 1
| #define HAVE_UNISTD_H 1
| #define HAVE_WCHAR_H 1
| #define STDC_HEADERS 1
| #define _ALL_SOURCE 1
| #define _DARWIN_C_SOURCE 1
| #define _GNU_SOURCE 1
| #define _HPUX_ALT_XOPEN_SOCKET_API 1
| #define _NETBSD_SOURCE 1
| #define _OPENBSD_SOURCE 1
| #define _POSIX_PTHREAD_SEMANTICS 1
| #define __STDC_WANT_IEC_60559_ATTRIBS_EXT__ 1
| #define __STDC_WANT_IEC_60559_BFP_EXT__ 1
| #define __STDC_WANT_IEC_60559_DFP_EXT__ 1
| #define __STDC_WANT_IEC_60559_FUNCS_EXT__ 1
| #define __STDC_WANT_IEC_60559_TYPES_EXT__ 1
| #define __STDC_WANT_LIB_EXT2__ 1
| #define __STDC_WANT_MATH_SPEC_FUNCS__ 1
| #define _TANDEM_SOURCE 1
| #define __EXTENSIONS__ 1
| /* end confdefs.h.  */
| 
| int
| main (void)
| {
| 
|   ;
|   return 0;
| }
configure:8532: gcc -c -g  conftest.m >&5
gcc: fatal error: cannot execute 'cc1obj': execvp: No such file or directory
compilation terminated.
configure:8532: $? = 1
configure: failed program was:
| /* confdefs.h */
| #define PACKAGE_NAME "Protocol Buffers"
| #define PACKAGE_TARNAME "protobuf"
| #define PACKAGE_VERSION "3.19.2"
| #define PACKAGE_STRING "Protocol Buffers 3.19.2"
| #define PACKAGE_BUGREPORT "protobuf@googlegroups.com"
| #define PACKAGE_URL ""
| #define PACKAGE "protobuf"
| #define VERSION "3.19.2"
| #define HAVE_STDIO_H 1
| #define HAVE_STDLIB_H 1
| #define HAVE_STRING_H 1
| #define HAVE_INTTYPES_H 1
| #define HAVE_STDINT_H 1
| #define HAVE_STRINGS_H 1
| #define HAVE_SYS_STAT_H 1
| #define HAVE_SYS_TYPES_H 1
| #define HAVE_UNISTD_H 1
| #define HAVE_WCHAR_H 1
| #define STDC_HEADERS 1
| #define _ALL_SOURCE 1
| #define _DARWIN_C_SOURCE 1
| #define _GNU_SOURCE 1
| #define _HPUX_ALT_XOPEN_SOCKET_API 1
| #define _NETBSD_SOURCE 1
| #define _OPENBSD_SOURCE 1
| #define _POSIX_PTHREAD_SEMANTICS 1
| #define __STDC_WANT_IEC_60559_ATTRIBS_EXT__ 1
| #define __STDC_WANT_IEC_60559_BFP_EXT__ 1
| #define __STDC_WANT_IEC_60559_DFP_EXT__ 1
| #define __STDC_WANT_IEC_60559_FUNCS_EXT__ 1
| #define __STDC_WANT_IEC_60559_TYPES_EXT__ 1
| #define __STDC_WANT_LIB_EXT2__ 1
| #define __STDC_WANT_MATH_SPEC_FUNCS__ 1
| #define _TANDEM_SOURCE 1
| #define __EXTENSIONS__ 1
| /* end confdefs.h.  */
| 
| int
| main (void)
| {
| 
|   ;
|   return 0;
| }
configure:8543: result: no
configure:8568: checking dependency style of gcc
configure:8678: result: gcc3
configure:8695: checking C++ compiler flags...
configure:8718: result: use user-supplied: -fPIC
configure:8725: checking for /usr/bin/c++ options needed to detect all undeclared functions
configure:8747: /usr/bin/c++ -c -fPIC  conftest.cpp >&5
conftest.cpp: In function 'int main()':
conftest.cpp:42:8: error: 'strchr' was not declared in this scope
   42 | (void) strchr;
      |        ^~~~~~
conftest.cpp:1:1: note: 'strchr' is defined in header '<cstring>'; did you forget to '#include <cstring>'?
    1 | /* confdefs.h */
configure:8747: $? = 1
configure: failed program was:
| /* confdefs.h */
| #define PACKAGE_NAME "Protocol Buffers"
| #define PACKAGE_TARNAME "protobuf"
| #define PACKAGE_VERSION "3.19.2"
| #define PACKAGE_STRING "Protocol Buffers 3.19.2"
| #define PACKAGE_BUGREPORT "protobuf@googlegroups.com"
| #define PACKAGE_URL ""
| #define PACKAGE "protobuf"
| #define VERSION "3.19.2"
| #define HAVE_STDIO_H 1
| #define HAVE_STDLIB_H 1
| #define HAVE_STRING_H 1
| #define HAVE_INTTYPES_H 1
| #define HAVE_STDINT_H 1
| #define HAVE_STRINGS_H 1
| #define HAVE_SYS_STAT_H 1
| #define HAVE_SYS_TYPES_H 1
| #define HAVE_UNISTD_H 1
| #define HAVE_WCHAR_H 1
| #define STDC_HEADERS 1
| #define _ALL_SOURCE 1
| #define _DARWIN_C_SOURCE 1
| #define _GNU_SOURCE 1
| #define _HPUX_ALT_XOPEN_SOCKET_API 1
| #define _NETBSD_SOURCE 1
| #define _OPENBSD_SOURCE 1
| #define _POSIX_PTHREAD_SEMANTICS 1
| #define __STDC_WANT_IEC_60559_ATTRIBS_EXT__ 1
| #define __STDC_WANT_IEC_60559_BFP_EXT__ 1
| #define __STDC_WANT_IEC_60559_DFP_EXT__ 1
| #define __STDC_WANT_IEC_60559_FUNCS_EXT__ 1
| #define __STDC_WANT_IEC_60559_TYPES_EXT__ 1
| #define __STDC_WANT_LIB_EXT2__ 1
| #define __STDC_WANT_MATH_SPEC_FUNCS__ 1
| #define _TANDEM_SOURCE 1
| #define __EXTENSIONS__ 1
| /* end confdefs.h.  */
| 
| int
| main (void)
| {
| (void) strchr;
|   ;
|   return 0;
| }
configure:8774: /usr/bin/c++ -c -fPIC  conftest.cpp >&5
configure:8774: $? = 0
configure:8791: result: none needed
configure:8813: checking whether __SUNPRO_CC is declared
configure:8813: /usr/bin/c++ -c -fPIC   conftest.cpp >&5
conftest.cpp: In function 'int main()':
conftest.cpp:71:10: error: '__SUNPRO_CC' was not declared in this scope
   71 |   (void) __SUNPRO_CC;
      |          ^~~~~~~~~~~
configure:8813: $? = 1
configure: failed program was:
| /* confdefs.h */
| #define PACKAGE_NAME "Protocol Buffers"
| #define PACKAGE_TARNAME "protobuf"
| #define PACKAGE_VERSION "3.19.2"
| #define PACKAGE_STRING "Protocol Buffers 3.19.2"
| #define PACKAGE_BUGREPORT "protobuf@googlegroups.com"
| #define PACKAGE_URL ""
| #define PACKAGE "protobuf"
| #define VERSION "3.19.2"
| #define HAVE_STDIO_H 1
| #define HAVE_STDLIB_H 1
| #define HAVE_STRING_H 1
| #define HAVE_INTTYPES_H 1
| #define HAVE_STDINT_H 1
| #define HAVE_STRINGS_H 1
| #define HAVE_SYS_STAT_H 1
| #define HAVE_SYS_TYPES_H 1
| #define HAVE_UNISTD_H 1
| #define HAVE_WCHAR_H 1
| #define STDC_HEADERS 1
| #define _ALL_SOURCE 1
| #define _DARWIN_C_SOURCE 1
| #define _GNU_SOURCE 1
| #define _HPUX_ALT_XOPEN_SOCKET_API 1
| #define _NETBSD_SOURCE 1
| #define _OPENBSD_SOURCE 1
| #define _POSIX_PTHREAD_SEMANTICS 1
| #define __STDC_WANT_IEC_60559_ATTRIBS_EXT__ 1
| #define __STDC_WANT_IEC_60559_BFP_EXT__ 1
| #define __STDC_WANT_IEC_60559_DFP_EXT__ 1
| #define __STDC_WANT_IEC_60559_FUNCS_EXT__ 1
| #define __STDC_WANT_IEC_60559_TYPES_EXT__ 1
| #define __STDC_WANT_LIB_EXT2__ 1
| #define __STDC_WANT_MATH_SPEC_FUNCS__ 1
| #define _TANDEM_SOURCE 1
| #define __EXTENSIONS__ 1
| /* end confdefs.h.  */
| #include <stddef.h>
| #ifdef HAVE_STDIO_H
| # include <stdio.h>
| #endif
| #ifdef HAVE_STDLIB_H
| # include <stdlib.h>
| #endif
| #ifdef HAVE_STRING_H
| # include <string.h>
| #endif
| #ifdef HAVE_INTTYPES_H
| # include <inttypes.h>
| #endif
| #ifdef HAVE_STDINT_H
| # include <stdint.h>
| #endif
| #ifdef HAVE_STRINGS_H
| # include <strings.h>
| #endif
| #ifdef HAVE_SYS_TYPES_H
| # include <sys/types.h>
| #endif
| #ifdef HAVE_SYS_STAT_H
| # include <sys/stat.h>
| #endif
| #ifdef HAVE_UNISTD_H
| # include <unistd.h>
| #endif
| int
| main (void)
| {
| #ifndef __SUNPRO_CC
| #ifdef __cplusplus
|   (void) __SUNPRO_CC;
| #else
|   (void) __SUNPRO_CC;
| #endif
| #endif
| 
|   ;
|   return 0;
| }
configure:8813: result: no
configure:8996: checking how to print strings
configure:9023: result: printf
configure:9044: checking for a sed that does not truncate output
configure:9114: result: /usr/bin/sed
configure:9132: checking for grep that handles long lines and -e
configure:9196: result: /usr/bin/grep
configure:9201: checking for egrep
configure:9269: result: /usr/bin/grep -E
configure:9274: checking for fgrep
configure:9342: result: /usr/bin/grep -F
configure:9378: checking for ld used by /usr/bin/cc
configure:9446: result: /usr/bin/ld
configure:9453: checking if the linker (/usr/bin/ld) is GNU ld
configure:9469: result: yes
configure:9481: checking for BSD- or MS-compatible name lister (nm)
configure:9536: result: /usr/bin/nm -B
configure:9676: checking the name lister (/usr/bin/nm -B) interface
configure:9684: /usr/bin/c++ -c -fPIC  conftest.cpp >&5
configure:9687: /usr/bin/nm -B "conftest.o"
configure:9690: output
0000000000000000 B some_variable
configure:9697: result: BSD nm
configure:9700: checking whether ln -s works
configure:9704: result: yes
configure:9712: checking the maximum length of command line arguments
configure:9844: result: 1572864
configure:9892: checking how to convert x86_64-pc-linux-gnu file names to x86_64-pc-linux-gnu format
configure:9933: result: func_convert_file_noop
configure:9940: checking how to convert x86_64-pc-linux-gnu file names to toolchain format
configure:9961: result: func_convert_file_noop
configure:9968: checking for /usr/bin/ld option to reload object files
configure:9976: result: -r
configure:10055: checking for objdump
configure:10076: found /usr/bin/objdump
configure:10087: result: objdump
configure:10119: checking how to recognize dependent libraries
configure:10320: result: pass_all
configure:10410: checking for dlltool
configure:10445: result: no
configure:10475: checking how to associate runtime and link libraries
configure:10503: result: printf %s\n
configure:10637: checking for archiver @FILE support
configure:10655: /usr/bin/c++ -c -fPIC  conftest.cpp >&5
configure:10655: $? = 0
configure:10659: ar cr libconftest.a @conftest.lst >&5
configure:10662: $? = 0
configure:10667: ar cr libconftest.a @conftest.lst >&5
ar: conftest.o: No such file or directory
configure:10670: $? = 1
configure:10682: result: @
configure:10745: checking for strip
configure:10766: found /usr/bin/strip
configure:10777: result: strip
configure:10854: checking for ranlib
configure:10875: found /usr/bin/ranlib
configure:10886: result: ranlib
configure:10988: checking command to parse /usr/bin/nm -B output from /usr/bin/cc object
configure:11142: /usr/bin/c++ -c -fPIC  conftest.cpp >&5
configure:11145: $? = 0
configure:11149: /usr/bin/nm -B conftest.o | sed -n -e 's/^.*[	 ]\([ABCDGIRSTW][ABCDGIRSTW]*\)[	 ][	 ]*\([_A-Za-z][_A-Za-z0-9]*\)$/\1 \2 \2/p' | sed '/ __gnu_lto/d' > conftest.nm
configure:11215: /usr/bin/c++ -o conftest -fPIC   conftest.cpp conftstm.o >&5
configure:11218: $? = 0
configure:11256: result: ok
configure:11303: checking for sysroot
configure:11334: result: no
configure:11341: checking for a working dd
configure:11385: result: /usr/bin/dd
configure:11389: checking how to truncate binary pipes
configure:11405: result: /usr/bin/dd bs=4096 count=1
configure:11542: /usr/bin/c++ -c -fPIC  conftest.cpp >&5
configure:11545: $? = 0
configure:11742: checking for mt
configure:11777: result: no
configure:11797: checking if : is a manifest tool
configure:11804: : '-?'
configure:11812: result: no
configure:12538: checking for dlfcn.h
configure:12538: /usr/bin/c++ -c -fPIC  conftest.cpp >&5
configure:12538: $? = 0
configure:12538: result: yes
configure:12807: checking for objdir
configure:12823: result: .libs
configure:13087: checking if /usr/bin/cc supports -fno-rtti -fno-exceptions
configure:13106: /usr/bin/cc -c   -fno-rtti -fno-exceptions conftest.c >&5
cc1: warning: command-line option '-fno-rtti' is valid for C++/D/ObjC++ but not for C
configure:13110: $? = 0
configure:13123: result: no
configure:13487: checking for /usr/bin/cc option to produce PIC
configure:13495: result: -fPIC -DPIC
configure:13503: checking if /usr/bin/cc PIC flag -fPIC -DPIC works
configure:13522: /usr/bin/cc -c   -fPIC -DPIC -DPIC conftest.c >&5
configure:13526: $? = 0
configure:13539: result: yes
configure:13568: checking if /usr/bin/cc static flag -static works
configure:13597: result: yes
configure:13612: checking if /usr/bin/cc supports -c -o file.o
configure:13634: /usr/bin/cc -c   -o out/conftest2.o conftest.c >&5
configure:13638: $? = 0
configure:13660: result: yes
configure:13668: checking if /usr/bin/cc supports -c -o file.o
configure:13716: result: yes
configure:13749: checking whether the /usr/bin/cc linker (/usr/bin/ld -m elf_x86_64) supports shared libraries
configure:15019: result: yes
configure:15260: checking dynamic linker characteristics
configure:15842: /usr/bin/cc -o conftest    -Wl,-rpath -Wl,/foo conftest.c  >&5
configure:15842: $? = 0
configure:16093: result: GNU/Linux ld.so
configure:16215: checking how to hardcode library paths into programs
configure:16240: result: immediate
configure:16792: checking whether stripping libraries is possible
configure:16797: result: yes
configure:16832: checking if libtool supports shared libraries
configure:16834: result: yes
configure:16837: checking whether to build shared libraries
configure:16862: result: no
configure:16865: checking whether to build static libraries
configure:16869: result: yes
configure:16892: checking how to run the C++ preprocessor
configure:16956: result: /usr/bin/c++ -E
configure:16970: /usr/bin/c++ -E  conftest.cpp
configure:16970: $? = 0
configure:16985: /usr/bin/c++ -E  conftest.cpp
conftest.cpp:40:10: fatal error: ac_nonexistent.h: No such file or directory
   40 | #include <ac_nonexistent.h>
      |          ^~~~~~~~~~~~~~~~~~
compilation terminated.
configure:16985: $? = 1
configure: failed program was:
| /* confdefs.h */
| #define PACKAGE_NAME "Protocol Buffers"
| #define PACKAGE_TARNAME "protobuf"
| #define PACKAGE_VERSION "3.19.2"
| #define PACKAGE_STRING "Protocol Buffers 3.19.2"
| #define PACKAGE_BUGREPORT "protobuf@googlegroups.com"
| #define PACKAGE_URL ""
| #define PACKAGE "protobuf"
| #define VERSION "3.19.2"
| #define HAVE_STDIO_H 1
| #define HAVE_STDLIB_H 1
| #define HAVE_STRING_H 1
| #define HAVE_INTTYPES_H 1
| #define HAVE_STDINT_H 1
| #define HAVE_STRINGS_H 1
| #define HAVE_SYS_STAT_H 1
| #define HAVE_SYS_TYPES_H 1
| #define HAVE_UNISTD_H 1
| #define HAVE_WCHAR_H 1
| #define STDC_HEADERS 1
| #define _ALL_SOURCE 1
| #define _DARWIN_C_SOURCE 1
| #define _GNU_SOURCE 1
| #define _HPUX_ALT_XOPEN_SOCKET_API 1
| #define _NETBSD_SOURCE 1
| #define _OPENBSD_SOURCE 1
| #define _POSIX_PTHREAD_SEMANTICS 1
| #define __STDC_WANT_IEC_60559_ATTRIBS_EXT__ 1
| #define __STDC_WANT_IEC_60559_BFP_EXT__ 1
| #define __STDC_WANT_IEC_60559_DFP_EXT__ 1
| #define __STDC_WANT_IEC_60559_FUNCS_EXT__ 1
| #define __STDC_WANT_IEC_60559_TYPES_EXT__ 1
| #define __STDC_WANT_LIB_EXT2__ 1
| #define __STDC_WANT_MATH_SPEC_FUNCS__ 1
| #define _TANDEM_SOURCE 1
| #define __EXTENSIONS__ 1
| #define HAVE_DLFCN_H 1
| #define LT_OBJDIR ".libs/"
| /* end confdefs.h.  */
| #include <ac_nonexistent.h>
configure:17150: checking for ld used by /usr/bin/c++
configure:17218: result: /usr/bin/ld -m elf_x86_64
configure:17225: checking if the linker (/usr/bin/ld -m elf_x86_64) is GNU ld
configure:17241: result: yes
configure:17296: checking whether the /usr/bin/c++ linker (/usr/bin/ld -m elf_x86_64) supports shared libraries
configure:18373: result: yes
configure:18409: /usr/bin/c++ -c -fPIC  conftest.cpp >&5
configure:18412: $? = 0
configure:18893: checking for /usr/bin/c++ option to produce PIC
configure:18901: result: -fPIC -DPIC
configure:18909: checking if /usr/bin/c++ PIC flag -fPIC -DPIC works
configure:18928: /usr/bin/c++ -c -fPIC  -fPIC -DPIC -DPIC conftest.cpp >&5
configure:18932: $? = 0
configure:18945: result: yes
configure:18968: checking if /usr/bin/c++ static flag -static works
configure:18997: result: yes
configure:19009: checking if /usr/bin/c++ supports -c -o file.o
configure:19031: /usr/bin/c++ -c -fPIC  -o out/conftest2.o conftest.cpp >&5
configure:19035: $? = 0
configure:19057: result: yes
configure:19062: checking if /usr/bin/c++ supports -c -o file.o
configure:19110: result: yes
configure:19140: checking whether the /usr/bin/c++ linker (/usr/bin/ld -m elf_x86_64) supports shared libraries
configure:19183: result: yes
configure:19325: checking dynamic linker characteristics
configure:20085: result: GNU/Linux ld.so
configure:20150: checking how to hardcode library paths into programs
configure:20175: result: immediate
configure:20238: checking whether the linker supports version scripts
configure:20254: /usr/bin/c++ -o conftest -fPIC   -Wl,--version-script=conftest.map conftest.cpp  >&5
configure:20254: $? = 0
configure:20256: result: yes
configure:20278: checking for egrep
configure:20346: result: /usr/bin/grep -E
configure:20352: checking for fcntl.h
configure:20352: /usr/bin/c++ -c -fPIC  conftest.cpp >&5
configure:20352: $? = 0
configure:20352: result: yes
configure:20358: checking for inttypes.h
configure:20358: result: yes
configure:20364: checking for limits.h
configure:20364: /usr/bin/c++ -c -fPIC  conftest.cpp >&5
configure:20364: $? = 0
configure:20364: result: yes
configure:20370: checking for stdlib.h
configure:20370: result: yes
configure:20376: checking for unistd.h
configure:20376: result: yes
configure:20385: checking for working memcmp
configure:20430: /usr/bin/c++ -o conftest -fPIC   conftest.cpp  >&5
configure:20430: $? = 0
configure:20430: ./conftest
configure:20430: $? = 0
configure:20441: result: yes
configure:20450: checking for working strtod
configure:20493: /usr/bin/c++ -o conftest -fPIC   conftest.cpp  >&5
conftest.cpp: In function 'int main()':
conftest.cpp:82:20: warning: ISO C++ forbids converting a string constant to 'char*' [-Wwrite-strings]
   82 |     char *string = " +69";
      |                    ^~~~~~
conftest.cpp:93:20: warning: ISO C++ forbids converting a string constant to 'char*' [-Wwrite-strings]
   93 |     char *string = "NaN";
      |                    ^~~~~
configure:20493: $? = 0
configure:20493: ./conftest
configure:20493: $? = 0
configure:20504: result: yes
configure:20566: checking for ftruncate
configure:20566: /usr/bin/c++ -o conftest -fPIC   conftest.cpp  >&5
configure:20566: $? = 0
configure:20566: result: yes
configure:20572: checking for memset
configure:20572: /usr/bin/c++ -o conftest -fPIC   conftest.cpp  >&5
conftest.cpp:62:6: warning: declaration of 'char memset()' conflicts with built-in declaration 'void* memset(void*, int, long unsigned int)' [-Wbuiltin-declaration-mismatch]
   62 | char memset ();
      |      ^~~~~~
configure:20572: $? = 0
configure:20572: result: yes
configure:20578: checking for mkdir
configure:20578: /usr/bin/c++ -o conftest -fPIC   conftest.cpp  >&5
configure:20578: $? = 0
configure:20578: result: yes
configure:20584: checking for strchr
configure:20584: /usr/bin/c++ -o conftest -fPIC   conftest.cpp  >&5
conftest.cpp:64:6: warning: declaration of 'char strchr()' conflicts with built-in declaration 'char* strchr(const char*, int)' [-Wbuiltin-declaration-mismatch]
   64 | char strchr ();
      |      ^~~~~~
configure:20584: $? = 0
configure:20584: result: yes
configure:20590: checking for strerror
configure:20590: /usr/bin/c++ -o conftest -fPIC   conftest.cpp  >&5
configure:20590: $? = 0
configure:20590: result: yes
configure:20596: checking for strtol
configure:20596: /usr/bin/c++ -o conftest -fPIC   conftest.cpp  >&5
configure:20596: $? = 0
configure:20596: result: yes
configure:20609: checking zlib version
configure:20629: /usr/bin/c++ -c -fPIC  conftest.cpp >&5
configure:20629: $? = 0
configure:20632: result: ok (1.2.0.4 or later)
configure:20636: checking for library containing zlibVersion
configure:20665: /usr/bin/c++ -o conftest -fPIC   conftest.cpp  >&5
/usr/bin/ld: /tmp/ccEwqxjO.o: in function `main':
conftest.cpp:(.text+0x9): undefined reference to `zlibVersion'
collect2: error: ld returned 1 exit status
configure:20665: $? = 1
configure: failed program was:
| /* confdefs.h */
| #define PACKAGE_NAME "Protocol Buffers"
| #define PACKAGE_TARNAME "protobuf"
| #define PACKAGE_VERSION "3.19.2"
| #define PACKAGE_STRING "Protocol Buffers 3.19.2"
| #define PACKAGE_BUGREPORT "protobuf@googlegroups.com"
| #define PACKAGE_URL ""
| #define PACKAGE "protobuf"
| #define VERSION "3.19.2"
| #define HAVE_STDIO_H 1
| #define HAVE_STDLIB_H 1
| #define HAVE_STRING_H 1
| #define HAVE_INTTYPES_H 1
| #define HAVE_STDINT_H 1
| #define HAVE_STRINGS_H 1
| #define HAVE_SYS_STAT_H 1
| #define HAVE_SYS_TYPES_H 1
| #define HAVE_UNISTD_H 1
| #define HAVE_WCHAR_H 1
| #define STDC_HEADERS 1
| #define _ALL_SOURCE 1
| #define _DARWIN_C_SOURCE 1
| #define _GNU_SOURCE 1
| #define _HPUX_ALT_XOPEN_SOCKET_API 1
| #define _NETBSD_SOURCE 1
| #define _OPENBSD_SOURCE 1
| #define _POSIX_PTHREAD_SEMANTICS 1
| #define __STDC_WANT_IEC_60559_ATTRIBS_EXT__ 1
| #define __STDC_WANT_IEC_60559_BFP_EXT__ 1
| #define __STDC_WANT_IEC_60559_DFP_EXT__ 1
| #define __STDC_WANT_IEC_60559_FUNCS_EXT__ 1
| #define __STDC_WANT_IEC_60559_TYPES_EXT__ 1
| #define __STDC_WANT_LIB_EXT2__ 1
| #define __STDC_WANT_MATH_SPEC_FUNCS__ 1
| #define _TANDEM_SOURCE 1
| #define __EXTENSIONS__ 1
| #define HAVE_DLFCN_H 1
| #define LT_OBJDIR ".libs/"
| #define HAVE_FCNTL_H 1
| #define HAVE_INTTYPES_H 1
| #define HAVE_LIMITS_H 1
| #define HAVE_STDLIB_H 1
| #define HAVE_UNISTD_H 1
| #define HAVE_FTRUNCATE 1
| #define HAVE_MEMSET 1
| #define HAVE_MKDIR 1
| #define HAVE_STRCHR 1
| #define HAVE_STRERROR 1
| #define HAVE_STRTOL 1
| /* end confdefs.h.  */
| 
| namespace conftest {
|   extern "C" int zlibVersion ();
| }
| int
| main (void)
| {
| return conftest::zlibVersion ();
|   ;
|   return 0;
| }
configure:20665: /usr/bin/c++ -o conftest -fPIC   conftest.cpp -lz   >&5
configure:20665: $? = 0
configure:20685: result: -lz
configure:20751: checking whether /usr/bin/c++ supports C++11 features by default
configure:21065: /usr/bin/c++ -c -fPIC  conftest.cpp >&5
configure:21065: $? = 0
configure:21073: result: yes
configure:21452: checking whether -latomic is needed
configure:21465: /usr/bin/c++ -o conftest -fPIC   conftest.cpp -lz  >&5
configure:21465: $? = 0
configure:21473: result: no
configure:21672: checking whether /usr/bin/cc is Clang
configure:21699: result: no
configure:21764: checking whether pthreads work with "-pthread" and "-lpthread"
configure:21875: /usr/bin/cc -o conftest  -pthread   conftest.c -lpthread -lz  >&5
configure:21875: $? = 0
configure:21885: result: yes
configure:22008: checking for joinable pthread attribute
configure:22027: /usr/bin/cc -o conftest  -pthread   conftest.c -lpthread -lz  >&5
configure:22027: $? = 0
configure:22036: result: PTHREAD_CREATE_JOINABLE
configure:22049: checking whether more special flags are required for pthreads
configure:22063: result: no
configure:22072: checking for PTHREAD_PRIO_INHERIT
configure:22090: /usr/bin/cc -o conftest  -pthread   conftest.c -lpthread -lz  >&5
configure:22090: $? = 0
configure:22100: result: yes
configure:22219: checking the location of hash_map
configure:22245: /usr/bin/c++ -c -fPIC  conftest.cpp >&5
configure:22245: $? = 0
configure:22268: /usr/bin/c++ -c -fPIC  conftest.cpp >&5
configure:22268: $? = 0
configure:22327: result: <unordered_map>
configure:22353: checking whether -llog is needed
configure:22361: result: no
configure:22485: checking that generated files are newer than configure
configure:22491: result: done
configure:22554: creating ./config.status

## ---------------------- ##
## Running config.status. ##
## ---------------------- ##

This file was extended by Protocol Buffers config.status 3.19.2, which was
generated by GNU Autoconf 2.71.  Invocation command line was

  CONFIG_FILES    = 
  CONFIG_HEADERS  = 
  CONFIG_LINKS    = 
  CONFIG_COMMANDS = 
  $ ./config.status 

on 8ca299b9ce44

config.status:1238: creating Makefile
config.status:1238: creating src/Makefile
config.status:1238: creating benchmarks/Makefile
config.status:1238: creating conformance/Makefile
config.status:1238: creating protobuf.pc
config.status:1238: creating protobuf-lite.pc
config.status:1238: creating config.h
config.status:1467: executing depfiles commands
config.status:1544: cd src       && sed -e '/# am--include-marker/d' Makefile         | make -f - am--depfiles
config.status:1549: $? = 0
config.status:1544: cd benchmarks       && sed -e '/# am--include-marker/d' Makefile         | make -f - am--depfiles
config.status:1549: $? = 0
config.status:1544: cd conformance       && sed -e '/# am--include-marker/d' Makefile         | make -f - am--depfiles
config.status:1549: $? = 0
config.status:1467: executing libtool commands
configure:25031: === configuring in third_party/googletest (/content/Marabou/tools/protobuf-3.19.2/third_party/googletest)
configure:25092: running /bin/bash ./configure --disable-option-checking '--prefix=/content/Marabou/tools/protobuf-3.19.2/installed'  'CXXFLAGS=-fPIC' '--disable-shared' '--enable-fast-install' 'CC=/usr/bin/cc' 'CXX=/usr/bin/c++' --cache-file=/dev/null --srcdir=.

## ---------------- ##
## Cache variables. ##
## ---------------- ##

ac_cv_build=x86_64-pc-linux-gnu
ac_cv_build_prog_CPP='gcc -E'
ac_cv_build_prog_CXXCPP='g++ -E'
ac_cv_build_prog_cc_g=yes
ac_cv_build_prog_cxx_g=yes
ac_cv_c_compiler_gnu=yes
ac_cv_cxx_compiler_gnu=yes
ac_cv_cxx_hash_map='<unordered_map>'
ac_cv_cxx_hash_map_class=unordered_map
ac_cv_cxx_hash_namespace=std
ac_cv_cxx_hash_set='<unordered_set>'
ac_cv_cxx_hash_set_class=unordered_set
ac_cv_cxx_undeclared_builtin_options='none needed'
ac_cv_env_CCC_set=
ac_cv_env_CCC_value=
ac_cv_env_CC_set=set
ac_cv_env_CC_value=/usr/bin/cc
ac_cv_env_CFLAGS_set=
ac_cv_env_CFLAGS_value=
ac_cv_env_CPPFLAGS_set=
ac_cv_env_CPPFLAGS_value=
ac_cv_env_CPP_set=
ac_cv_env_CPP_value=
ac_cv_env_CXXCPP_set=
ac_cv_env_CXXCPP_value=
ac_cv_env_CXXFLAGS_set=set
ac_cv_env_CXXFLAGS_value=-fPIC
ac_cv_env_CXX_set=set
ac_cv_env_CXX_value=/usr/bin/c++
ac_cv_env_DIST_LANG_set=
ac_cv_env_DIST_LANG_value=
ac_cv_env_LDFLAGS_set=
ac_cv_env_LDFLAGS_value=
ac_cv_env_LIBS_set=
ac_cv_env_LIBS_value=
ac_cv_env_LT_SYS_LIBRARY_PATH_set=
ac_cv_env_LT_SYS_LIBRARY_PATH_value=
ac_cv_env_OBJCFLAGS_set=
ac_cv_env_OBJCFLAGS_value=
ac_cv_env_OBJC_set=
ac_cv_env_OBJC_value=
ac_cv_env_build_alias_set=
ac_cv_env_build_alias_value=
ac_cv_env_host_alias_set=
ac_cv_env_host_alias_value=
ac_cv_env_target_alias_set=
ac_cv_env_target_alias_value=
ac_cv_func_ftruncate=yes
ac_cv_func_memcmp_working=yes
ac_cv_func_memset=yes
ac_cv_func_mkdir=yes
ac_cv_func_strchr=yes
ac_cv_func_strerror=yes
ac_cv_func_strtod=yes
ac_cv_func_strtol=yes
ac_cv_have_decl___SUNPRO_CC=no
ac_cv_header_dlfcn_h=yes
ac_cv_header_fcntl_h=yes
ac_cv_header_inttypes_h=yes
ac_cv_header_limits_h=yes
ac_cv_header_minix_config_h=no
ac_cv_header_stdint_h=yes
ac_cv_header_stdio_h=yes
ac_cv_header_stdlib_h=yes
ac_cv_header_string_h=yes
ac_cv_header_strings_h=yes
ac_cv_header_sys_stat_h=yes
ac_cv_header_sys_types_h=yes
ac_cv_header_unistd_h=yes
ac_cv_header_wchar_h=yes
ac_cv_host=x86_64-pc-linux-gnu
ac_cv_objc_compiler_gnu=no
ac_cv_objext=o
ac_cv_path_EGREP='/usr/bin/grep -E'
ac_cv_path_FGREP='/usr/bin/grep -F'
ac_cv_path_GREP=/usr/bin/grep
ac_cv_path_SED=/usr/bin/sed
ac_cv_path_install='/usr/bin/install -c'
ac_cv_path_lt_DD=/usr/bin/dd
ac_cv_path_mkdir=/usr/bin/mkdir
ac_cv_prog_AWK=mawk
ac_cv_prog_CPP='/usr/bin/cc -E'
ac_cv_prog_CXXCPP='/usr/bin/c++ -E'
ac_cv_prog_ac_ct_AR=ar
ac_cv_prog_ac_ct_CC=/usr/bin/cc
ac_cv_prog_ac_ct_CC_FOR_BUILD=gcc
ac_cv_prog_ac_ct_CXX_FOR_BUILD=g++
ac_cv_prog_ac_ct_OBJC=gcc
ac_cv_prog_ac_ct_OBJDUMP=objdump
ac_cv_prog_ac_ct_RANLIB=ranlib
ac_cv_prog_ac_ct_STRIP=strip
ac_cv_prog_cc_c11=
ac_cv_prog_cc_g=yes
ac_cv_prog_cc_stdc=
ac_cv_prog_cxx_11=no
ac_cv_prog_cxx_cxx11=
ac_cv_prog_cxx_g=yes
ac_cv_prog_cxx_stdcxx=
ac_cv_prog_make_make_set=yes
ac_cv_prog_objc_g=no
ac_cv_safe_to_define___extensions__=yes
ac_cv_search_zlibVersion=-lz
ac_cv_should_define__xopen_source=no
ac_cv_target=x86_64-pc-linux-gnu
am_cv_CC_dependencies_compiler_type=gcc3
am_cv_CXX_dependencies_compiler_type=gcc3
am_cv_OBJC_dependencies_compiler_type=gcc3
am_cv_ar_interface=ar
am_cv_make_support_nested_variables=yes
am_cv_prog_cc_c_o=yes
am_cv_prog_tar_ustar=gnutar
ax_cv_PTHREAD_CLANG=no
ax_cv_PTHREAD_JOINABLE_ATTR=PTHREAD_CREATE_JOINABLE
ax_cv_PTHREAD_PRIO_INHERIT=yes
ax_cv_PTHREAD_SPECIAL_FLAGS=no
ax_cv_cxx_compile_cxx11=yes
lt_cv_ar_at_file=@
lt_cv_deplibs_check_method=pass_all
lt_cv_file_magic_cmd='$MAGIC_CMD'
lt_cv_file_magic_test_file=
lt_cv_ld_reload_flag=-r
lt_cv_nm_interface='BSD nm'
lt_cv_objdir=.libs
lt_cv_path_LD=/usr/bin/ld
lt_cv_path_LDCXX='/usr/bin/ld -m elf_x86_64'
lt_cv_path_NM='/usr/bin/nm -B'
lt_cv_path_mainfest_tool=no
lt_cv_prog_compiler_c_o=yes
lt_cv_prog_compiler_c_o_CXX=yes
lt_cv_prog_compiler_pic='-fPIC -DPIC'
lt_cv_prog_compiler_pic_CXX='-fPIC -DPIC'
lt_cv_prog_compiler_pic_works=yes
lt_cv_prog_compiler_pic_works_CXX=yes
lt_cv_prog_compiler_rtti_exceptions=no
lt_cv_prog_compiler_static_works=yes
lt_cv_prog_compiler_static_works_CXX=yes
lt_cv_prog_gnu_ld=yes
lt_cv_prog_gnu_ldcxx=yes
lt_cv_sharedlib_from_linklib_cmd='printf %s\n'
lt_cv_shlibpath_overrides_runpath=yes
lt_cv_sys_global_symbol_pipe='sed -n -e '\''s/^.*[	 ]\([ABCDGIRSTW][ABCDGIRSTW]*\)[	 ][	 ]*\([_A-Za-z][_A-Za-z0-9]*\)$/\1 \2 \2/p'\'' | sed '\''/ __gnu_lto/d'\'''
lt_cv_sys_global_symbol_to_c_name_address='sed -n -e '\''s/^: \(.*\) .*$/  {"\1", (void *) 0},/p'\'' -e '\''s/^[ABCDGIRSTW][ABCDGIRSTW]* .* \(.*\)$/  {"\1", (void *) \&\1},/p'\'''
lt_cv_sys_global_symbol_to_c_name_address_lib_prefix='sed -n -e '\''s/^: \(.*\) .*$/  {"\1", (void *) 0},/p'\'' -e '\''s/^[ABCDGIRSTW][ABCDGIRSTW]* .* \(lib.*\)$/  {"\1", (void *) \&\1},/p'\'' -e '\''s/^[ABCDGIRSTW][ABCDGIRSTW]* .* \(.*\)$/  {"lib\1", (void *) \&\1},/p'\'''
lt_cv_sys_global_symbol_to_cdecl='sed -n -e '\''s/^T .* \(.*\)$/extern int \1();/p'\'' -e '\''s/^[ABCDGIRSTW][ABCDGIRSTW]* .* \(.*\)$/extern char \1;/p'\'''
lt_cv_sys_global_symbol_to_import=
lt_cv_sys_max_cmd_len=1572864
lt_cv_to_host_file_cmd=func_convert_file_noop
lt_cv_to_tool_file_cmd=func_convert_file_noop
lt_cv_truncate_bin='/usr/bin/dd bs=4096 count=1'

## ----------------- ##
## Output variables. ##
## ----------------- ##

ACLOCAL='${SHELL} '\''/content/Marabou/tools/protobuf-3.19.2/missing'\'' aclocal-1.16'
AMDEPBACKSLASH='\'
AMDEP_FALSE='#'
AMDEP_TRUE=''
AMTAR='$${TAR-tar}'
AM_BACKSLASH='\'
AM_DEFAULT_V='$(AM_DEFAULT_VERBOSITY)'
AM_DEFAULT_VERBOSITY='0'
AM_V='$(V)'
AR='ar'
AUTOCONF='${SHELL} '\''/content/Marabou/tools/protobuf-3.19.2/missing'\'' autoconf'
AUTOHEADER='${SHELL} '\''/content/Marabou/tools/protobuf-3.19.2/missing'\'' autoheader'
AUTOMAKE='${SHELL} '\''/content/Marabou/tools/protobuf-3.19.2/missing'\'' automake-1.16'
AWK='mawk'
BUILD_EXEEXT=''
BUILD_OBJEXT=''
CC='/usr/bin/cc'
CCDEPMODE='depmode=gcc3'
CC_FOR_BUILD='gcc'
CFLAGS=''
CFLAGS_FOR_BUILD='-g -O2'
CPP='/usr/bin/cc -E'
CPPFLAGS=''
CPPFLAGS_FOR_BUILD=''
CPP_FOR_BUILD='gcc -E'
CSCOPE='cscope'
CTAGS='ctags'
CXX='/usr/bin/c++'
CXXCPP='/usr/bin/c++ -E'
CXXCPPFLAGS_FOR_BUILD=''
CXXCPP_FOR_BUILD='g++ -E'
CXXDEPMODE='depmode=gcc3'
CXXFLAGS='-fPIC'
CXXFLAGS_FOR_BUILD='-g -O2'
CXX_FOR_BUILD='g++'
CYGPATH_W='echo'
DEFS='-DHAVE_CONFIG_H'
DEPDIR='.deps'
DIST_LANG='all'
DLLTOOL='false'
DSYMUTIL=''
DUMPBIN=''
ECHO_C=''
ECHO_N='-n'
ECHO_T=''
EGREP='/usr/bin/grep -E'
ETAGS='etags'
EXEEXT=''
FGREP='/usr/bin/grep -F'
GCC_FALSE='#'
GCC_TRUE=''
GREP='/usr/bin/grep'
HAVE_CXX11='1'
HAVE_LD_VERSION_SCRIPT_FALSE='#'
HAVE_LD_VERSION_SCRIPT_TRUE=''
HAVE_PTHREAD_FALSE='#'
HAVE_PTHREAD_TRUE=''
HAVE_ZLIB_FALSE='#'
HAVE_ZLIB_TRUE=''
INSTALL_DATA='${INSTALL} -m 644'
INSTALL_PROGRAM='${INSTALL}'
INSTALL_SCRIPT='${INSTALL}'
INSTALL_STRIP_PROGRAM='$(install_sh) -c -s'
ISAINFO=''
LD='/usr/bin/ld -m elf_x86_64'
LDFLAGS=''
LDFLAGS_FOR_BUILD=''
LIBATOMIC_LIBS=''
LIBLOG_LIBS=''
LIBOBJS=''
LIBS='-lz '
LIBTOOL='$(SHELL) $(top_builddir)/libtool'
LIPO=''
LN_S='ln -s'
LTLIBOBJS=''
LT_SYS_LIBRARY_PATH=''
MAINT=''
MAINTAINER_MODE_FALSE='#'
MAINTAINER_MODE_TRUE=''
MAKEINFO='${SHELL} '\''/content/Marabou/tools/protobuf-3.19.2/missing'\'' makeinfo'
MANIFEST_TOOL=':'
MKDIR_P='/usr/bin/mkdir -p'
NM='/usr/bin/nm -B'
NMEDIT=''
OBJC='gcc'
OBJCDEPMODE='depmode=gcc3'
OBJCFLAGS=''
OBJC_CONFORMANCE_TEST_FALSE=''
OBJC_CONFORMANCE_TEST_TRUE='#'
OBJDUMP='objdump'
OBJEXT='o'
OTOOL64=''
OTOOL=''
PACKAGE='protobuf'
PACKAGE_BUGREPORT='protobuf@googlegroups.com'
PACKAGE_NAME='Protocol Buffers'
PACKAGE_STRING='Protocol Buffers 3.19.2'
PACKAGE_TARNAME='protobuf'
PACKAGE_URL=''
PACKAGE_VERSION='3.19.2'
PATH_SEPARATOR=':'
POW_LIB=''
PROTOBUF_OPT_FLAG=''
PROTOC=''
PTHREAD_CC='/usr/bin/cc'
PTHREAD_CFLAGS='-pthread'
PTHREAD_LIBS='-lpthread'
RANLIB='ranlib'
SED='/usr/bin/sed'
SET_MAKE=''
SHELL='/bin/bash'
STRIP='strip'
USE_EXTERNAL_PROTOC_FALSE=''
USE_EXTERNAL_PROTOC_TRUE='#'
VERSION='3.19.2'
ac_ct_AR='ar'
ac_ct_CC='/usr/bin/cc'
ac_ct_CC_FOR_BUILD='gcc'
ac_ct_CXX=''
ac_ct_CXX_FOR_BUILD='g++'
ac_ct_DUMPBIN=''
ac_ct_OBJC='gcc'
am__EXEEXT_FALSE=''
am__EXEEXT_TRUE='#'
am__fastdepCC_FALSE='#'
am__fastdepCC_TRUE=''
am__fastdepCXX_FALSE='#'
am__fastdepCXX_TRUE=''
am__fastdepOBJC_FALSE='#'
am__fastdepOBJC_TRUE=''
am__include='include'
am__isrc=''
am__leading_dot='.'
am__nodep='_no'
am__quote=''
am__tar='tar --format=ustar -chf - "$$tardir"'
am__untar='tar -xf -'
ax_pthread_config=''
bindir='${exec_prefix}/bin'
build='x86_64-pc-linux-gnu'
build_alias=''
build_cpu='x86_64'
build_os='linux-gnu'
build_vendor='pc'
datadir='${datarootdir}'
datarootdir='${prefix}/share'
docdir='${datarootdir}/doc/${PACKAGE_TARNAME}'
dvidir='${docdir}'
exec_prefix='${prefix}'
host='x86_64-pc-linux-gnu'
host_alias=''
host_cpu='x86_64'
host_os='linux-gnu'
host_vendor='pc'
htmldir='${docdir}'
includedir='${prefix}/include'
infodir='${datarootdir}/info'
install_sh='${SHELL} /content/Marabou/tools/protobuf-3.19.2/install-sh'
libdir='${exec_prefix}/lib'
libexecdir='${exec_prefix}/libexec'
localedir='${datarootdir}/locale'
localstatedir='${prefix}/var'
mandir='${datarootdir}/man'
mkdir_p='$(MKDIR_P)'
oldincludedir='/usr/include'
pdfdir='${docdir}'
prefix='/content/Marabou/tools/protobuf-3.19.2/installed'
program_transform_name='s,x,x,'
psdir='${docdir}'
runstatedir='${localstatedir}/run'
sbindir='${exec_prefix}/sbin'
sharedstatedir='${prefix}/com'
subdirs=' third_party/googletest'
sysconfdir='${prefix}/etc'
target='x86_64-pc-linux-gnu'
target_alias=''
target_cpu='x86_64'
target_os='linux-gnu'
target_vendor='pc'

## ----------- ##
## confdefs.h. ##
## ----------- ##

/* confdefs.h */
#define PACKAGE_NAME "Protocol Buffers"
#define PACKAGE_TARNAME "protobuf"
#define PACKAGE_VERSION "3.19.2"
#define PACKAGE_STRING "Protocol Buffers 3.19.2"
#define PACKAGE_BUGREPORT "protobuf@googlegroups.com"
#define PACKAGE_URL ""
#define PACKAGE "protobuf"
#define VERSION "3.19.2"
#define HAVE_STDIO_H 1
#define HAVE_STDLIB_H 1
#define HAVE_STRING_H 1
#define HAVE_INTTYPES_H 1
#define HAVE_STDINT_H 1
#define HAVE_STRINGS_H 1
#define HAVE_SYS_STAT_H 1
#define HAVE_SYS_TYPES_H 1
#define HAVE_UNISTD_H 1
#define HAVE_WCHAR_H 1
#define STDC_HEADERS 1
#define _ALL_SOURCE 1
#define _DARWIN_C_SOURCE 1
#define _GNU_SOURCE 1
#define _HPUX_ALT_XOPEN_SOCKET_API 1
#define _NETBSD_SOURCE 1
#define _OPENBSD_SOURCE 1
#define _POSIX_PTHREAD_SEMANTICS 1
#define __STDC_WANT_IEC_60559_ATTRIBS_EXT__ 1
#define __STDC_WANT_IEC_60559_BFP_EXT__ 1
#define __STDC_WANT_IEC_60559_DFP_EXT__ 1
#define __STDC_WANT_IEC_60559_FUNCS_EXT__ 1
#define __STDC_WANT_IEC_60559_TYPES_EXT__ 1
#define __STDC_WANT_LIB_EXT2__ 1
#define __STDC_WANT_MATH_SPEC_FUNCS__ 1
#define _TANDEM_SOURCE 1
#define __EXTENSIONS__ 1
#define HAVE_DLFCN_H 1
#define LT_OBJDIR ".libs/"
#define HAVE_FCNTL_H 1
#define HAVE_INTTYPES_H 1
#define HAVE_LIMITS_H 1
#define HAVE_STDLIB_H 1
#define HAVE_UNISTD_H 1
#define HAVE_FTRUNCATE 1
#define HAVE_MEMSET 1
#define HAVE_MKDIR 1
#define HAVE_STRCHR 1
#define HAVE_STRERROR 1
#define HAVE_STRTOL 1
#define HAVE_ZLIB 1
#define HAVE_CXX11 1
#define HAVE_PTHREAD_PRIO_INHERIT 1
#define HAVE_PTHREAD 1
#define HAVE_HASH_MAP 1
#define HAVE_HASH_SET 1
#define HASH_MAP_H <unordered_map>
#define HASH_SET_H <unordered_set>
#define HASH_NAMESPACE std
#define HASH_MAP_CLASS unordered_map
#define HASH_SET_CLASS unordered_set

configure: exit 0
